d:\project reposit\socket programming\socket_server\socket_server\x64\debug\vc142.pdb
d:\project reposit\socket programming\socket_server\socket_server\x64\debug\vc142.idb
d:\project reposit\socket programming\socket_server\socket_server\x64\debug\udp_server_1.obj
d:\project reposit\socket programming\socket_server\socket_server\x64\debug\thread_create_1.obj
d:\project reposit\socket programming\socket_server\socket_server\x64\debug\server_tcp_1.obj
d:\project reposit\socket programming\socket_server\socket_server\x64\debug\main.obj
d:\project reposit\socket programming\socket_server\socket_server\x64\debug\interface_func.obj
d:\project reposit\socket programming\socket_server\socket_server\x64\debug\semaphore_1.obj
d:\project reposit\socket programming\socket_server\socket_server\x64\debug\overlappedio.obj
d:\project reposit\socket programming\socket_server\socket_server\x64\debug\multiplexing.obj
d:\project reposit\socket programming\socket_server\socket_server\x64\debug\criticalsection_2.obj
d:\project reposit\socket programming\socket_server\socket_server\x64\debug\criticalsection_1.obj
d:\project reposit\socket programming\socket_server\socket_server\x64\debug\asyncserver.obj
d:\project reposit\socket programming\socket_server\x64\debug\socket_server.exe
d:\project reposit\socket programming\socket_server\x64\debug\socket_server.ilk
d:\project reposit\socket programming\socket_server\x64\debug\socket_server.pdb
d:\project reposit\socket programming\socket_server\socket_server\x64\debug\socket_server.tlog\cl.command.1.tlog
d:\project reposit\socket programming\socket_server\socket_server\x64\debug\socket_server.tlog\cl.read.1.tlog
d:\project reposit\socket programming\socket_server\socket_server\x64\debug\socket_server.tlog\cl.write.1.tlog
d:\project reposit\socket programming\socket_server\socket_server\x64\debug\socket_server.tlog\link.command.1.tlog
d:\project reposit\socket programming\socket_server\socket_server\x64\debug\socket_server.tlog\link.read.1.tlog
d:\project reposit\socket programming\socket_server\socket_server\x64\debug\socket_server.tlog\link.write.1.tlog
