  AsyncServer.cpp
  CriticalSection_1.cpp
  CriticalSection_2.cpp
  interface_Func.cpp
  main.cpp
  Multiplexing.cpp
  OverlappedIO.cpp
  Semaphore_1.cpp
  server_TCP_1.cpp
  thread_create_1.cpp
  udp_server_1.cpp
  코드를 생성하고 있습니다...
AsyncServer.obj : error LNK2019: __imp__accept@12 외부 기호(참조 위치: "int __cdecl AsyncServer(int,char * * const)" (?AsyncServer@@YAHHQAPAD@Z) 함수)에서 확인하지 못했습니다.
Multiplexing.obj : error LNK2001: __imp__accept@12 외부 기호를 확인할 수 없습니다.
OverlappedIO.obj : error LNK2001: __imp__accept@12 외부 기호를 확인할 수 없습니다.
server_TCP_1.obj : error LNK2001: __imp__accept@12 외부 기호를 확인할 수 없습니다.
udp_server_1.obj : error LNK2001: __imp__bind@12 외부 기호를 확인할 수 없습니다.
AsyncServer.obj : error LNK2001: __imp__bind@12 외부 기호를 확인할 수 없습니다.
Multiplexing.obj : error LNK2001: __imp__bind@12 외부 기호를 확인할 수 없습니다.
OverlappedIO.obj : error LNK2001: __imp__bind@12 외부 기호를 확인할 수 없습니다.
server_TCP_1.obj : error LNK2001: __imp__bind@12 외부 기호를 확인할 수 없습니다.
udp_server_1.obj : error LNK2001: __imp__closesocket@4 외부 기호를 확인할 수 없습니다.
AsyncServer.obj : error LNK2001: __imp__closesocket@4 외부 기호를 확인할 수 없습니다.
Multiplexing.obj : error LNK2001: __imp__closesocket@4 외부 기호를 확인할 수 없습니다.
OverlappedIO.obj : error LNK2001: __imp__closesocket@4 외부 기호를 확인할 수 없습니다.
server_TCP_1.obj : error LNK2001: __imp__closesocket@4 외부 기호를 확인할 수 없습니다.
udp_server_1.obj : error LNK2001: __imp__htonl@4 외부 기호를 확인할 수 없습니다.
AsyncServer.obj : error LNK2001: __imp__htonl@4 외부 기호를 확인할 수 없습니다.
Multiplexing.obj : error LNK2001: __imp__htonl@4 외부 기호를 확인할 수 없습니다.
OverlappedIO.obj : error LNK2001: __imp__htonl@4 외부 기호를 확인할 수 없습니다.
server_TCP_1.obj : error LNK2001: __imp__htonl@4 외부 기호를 확인할 수 없습니다.
udp_server_1.obj : error LNK2001: __imp__htons@4 외부 기호를 확인할 수 없습니다.
AsyncServer.obj : error LNK2001: __imp__htons@4 외부 기호를 확인할 수 없습니다.
Multiplexing.obj : error LNK2001: __imp__htons@4 외부 기호를 확인할 수 없습니다.
OverlappedIO.obj : error LNK2001: __imp__htons@4 외부 기호를 확인할 수 없습니다.
server_TCP_1.obj : error LNK2001: __imp__htons@4 외부 기호를 확인할 수 없습니다.
AsyncServer.obj : error LNK2019: __imp__listen@8 외부 기호(참조 위치: "int __cdecl AsyncServer(int,char * * const)" (?AsyncServer@@YAHHQAPAD@Z) 함수)에서 확인하지 못했습니다.
Multiplexing.obj : error LNK2001: __imp__listen@8 외부 기호를 확인할 수 없습니다.
OverlappedIO.obj : error LNK2001: __imp__listen@8 외부 기호를 확인할 수 없습니다.
server_TCP_1.obj : error LNK2001: __imp__listen@8 외부 기호를 확인할 수 없습니다.
AsyncServer.obj : error LNK2019: __imp__recv@16 외부 기호(참조 위치: "int __cdecl AsyncServer(int,char * * const)" (?AsyncServer@@YAHHQAPAD@Z) 함수)에서 확인하지 못했습니다.
Multiplexing.obj : error LNK2001: __imp__recv@16 외부 기호를 확인할 수 없습니다.
server_TCP_1.obj : error LNK2001: __imp__recv@16 외부 기호를 확인할 수 없습니다.
AsyncServer.obj : error LNK2019: __imp__send@16 외부 기호(참조 위치: "int __cdecl AsyncServer(int,char * * const)" (?AsyncServer@@YAHHQAPAD@Z) 함수)에서 확인하지 못했습니다.
Multiplexing.obj : error LNK2001: __imp__send@16 외부 기호를 확인할 수 없습니다.
server_TCP_1.obj : error LNK2001: __imp__send@16 외부 기호를 확인할 수 없습니다.
AsyncServer.obj : error LNK2019: __imp__socket@12 외부 기호(참조 위치: "int __cdecl AsyncServer(int,char * * const)" (?AsyncServer@@YAHHQAPAD@Z) 함수)에서 확인하지 못했습니다.
Multiplexing.obj : error LNK2001: __imp__socket@12 외부 기호를 확인할 수 없습니다.
server_TCP_1.obj : error LNK2001: __imp__socket@12 외부 기호를 확인할 수 없습니다.
udp_server_1.obj : error LNK2001: __imp__socket@12 외부 기호를 확인할 수 없습니다.
udp_server_1.obj : error LNK2001: __imp__WSAStartup@8 외부 기호를 확인할 수 없습니다.
AsyncServer.obj : error LNK2001: __imp__WSAStartup@8 외부 기호를 확인할 수 없습니다.
Multiplexing.obj : error LNK2001: __imp__WSAStartup@8 외부 기호를 확인할 수 없습니다.
OverlappedIO.obj : error LNK2001: __imp__WSAStartup@8 외부 기호를 확인할 수 없습니다.
server_TCP_1.obj : error LNK2001: __imp__WSAStartup@8 외부 기호를 확인할 수 없습니다.
udp_server_1.obj : error LNK2001: __imp__WSACleanup@0 외부 기호를 확인할 수 없습니다.
AsyncServer.obj : error LNK2001: __imp__WSACleanup@0 외부 기호를 확인할 수 없습니다.
Multiplexing.obj : error LNK2001: __imp__WSACleanup@0 외부 기호를 확인할 수 없습니다.
OverlappedIO.obj : error LNK2001: __imp__WSACleanup@0 외부 기호를 확인할 수 없습니다.
server_TCP_1.obj : error LNK2001: __imp__WSACleanup@0 외부 기호를 확인할 수 없습니다.
AsyncServer.obj : error LNK2019: __imp__WSACloseEvent@4 외부 기호(참조 위치: "int __cdecl AsyncServer(int,char * * const)" (?AsyncServer@@YAHHQAPAD@Z) 함수)에서 확인하지 못했습니다.
AsyncServer.obj : error LNK2019: __imp__WSACreateEvent@0 외부 기호(참조 위치: "int __cdecl AsyncServer(int,char * * const)" (?AsyncServer@@YAHHQAPAD@Z) 함수)에서 확인하지 못했습니다.
AsyncServer.obj : error LNK2019: __imp__WSAEnumNetworkEvents@12 외부 기호(참조 위치: "int __cdecl AsyncServer(int,char * * const)" (?AsyncServer@@YAHHQAPAD@Z) 함수)에서 확인하지 못했습니다.
AsyncServer.obj : error LNK2019: __imp__WSAEventSelect@12 외부 기호(참조 위치: "int __cdecl AsyncServer(int,char * * const)" (?AsyncServer@@YAHHQAPAD@Z) 함수)에서 확인하지 못했습니다.
AsyncServer.obj : error LNK2019: __imp__WSAWaitForMultipleEvents@20 외부 기호(참조 위치: "int __cdecl AsyncServer(int,char * * const)" (?AsyncServer@@YAHHQAPAD@Z) 함수)에서 확인하지 못했습니다.
Multiplexing.obj : error LNK2019: ___WSAFDIsSet@8 외부 기호(참조 위치: "int __cdecl Multiplexing_1(int,char * * const)" (?Multiplexing_1@@YAHHQAPAD@Z) 함수)에서 확인하지 못했습니다.
Multiplexing.obj : error LNK2019: __imp__select@20 외부 기호(참조 위치: "int __cdecl Multiplexing_1(int,char * * const)" (?Multiplexing_1@@YAHHQAPAD@Z) 함수)에서 확인하지 못했습니다.
OverlappedIO.obj : error LNK2019: __imp__ioctlsocket@12 외부 기호(참조 위치: "int __cdecl OverlappedIO(int,char * * const)" (?OverlappedIO@@YAHHQAPAD@Z) 함수)에서 확인하지 못했습니다.
OverlappedIO.obj : error LNK2019: __imp__WSAGetLastError@0 외부 기호(참조 위치: "int __cdecl OverlappedIO(int,char * * const)" (?OverlappedIO@@YAHHQAPAD@Z) 함수)에서 확인하지 못했습니다.
OverlappedIO.obj : error LNK2019: __imp__WSARecv@28 외부 기호(참조 위치: "int __cdecl OverlappedIO(int,char * * const)" (?OverlappedIO@@YAHHQAPAD@Z) 함수)에서 확인하지 못했습니다.
OverlappedIO.obj : error LNK2019: __imp__WSASend@28 외부 기호(참조 위치: "void __stdcall ReadCompRoutine(unsigned long,unsigned long,struct _OVERLAPPED *,unsigned long)" (?ReadCompRoutine@@YGXKKPAU_OVERLAPPED@@K@Z) 함수)에서 확인하지 못했습니다.
OverlappedIO.obj : error LNK2019: __imp__WSASocketW@24 외부 기호(참조 위치: "int __cdecl OverlappedIO(int,char * * const)" (?OverlappedIO@@YAHHQAPAD@Z) 함수)에서 확인하지 못했습니다.
udp_server_1.obj : error LNK2019: __imp__recvfrom@24 외부 기호(참조 위치: "void __cdecl Server_UDP_1(int,char * * const)" (?Server_UDP_1@@YAXHQAPAD@Z) 함수)에서 확인하지 못했습니다.
udp_server_1.obj : error LNK2019: __imp__sendto@24 외부 기호(참조 위치: "void __cdecl Server_UDP_1(int,char * * const)" (?Server_UDP_1@@YAXHQAPAD@Z) 함수)에서 확인하지 못했습니다.
D:\Project reposit\Socket Programming\Socket_Server\Debug\Socket_Server.exe : fatal error LNK1120: 25개의 확인할 수 없는 외부 참조입니다.
